0 info it worked if it ends with ok
1 verbose cli [ '/usr/local/bin/node', '/usr/local/bin/npm', 'run', 'dev:hot' ]
2 info using npm@3.10.10
3 info using node@v6.9.5
4 verbose run-script [ 'predev:hot', 'dev:hot', 'postdev:hot' ]
5 info lifecycle react_unit_test@1.0.0~predev:hot: react_unit_test@1.0.0
6 silly lifecycle react_unit_test@1.0.0~predev:hot: no script for predev:hot, continuing
7 info lifecycle react_unit_test@1.0.0~dev:hot: react_unit_test@1.0.0
8 verbose lifecycle react_unit_test@1.0.0~dev:hot: unsafe-perm in lifecycle true
9 verbose lifecycle react_unit_test@1.0.0~dev:hot: PATH: /usr/local/lib/node_modules/npm/bin/node-gyp-bin:/Users/joypatel/React_Unit_Test/node_modules/.bin:/usr/local/bin:/usr/bin:/bin:/usr/sbin:/sbin
10 verbose lifecycle react_unit_test@1.0.0~dev:hot: CWD: /Users/joypatel/React_Unit_Test
11 silly lifecycle react_unit_test@1.0.0~dev:hot: Args: [ '-c',
11 silly lifecycle   'webpack-dev-server --hot --inline --progress --colors --watch --content-base ./' ]
12 silly lifecycle react_unit_test@1.0.0~dev:hot: Returned: code: 1  signal: null
13 info lifecycle react_unit_test@1.0.0~dev:hot: Failed to exec dev:hot script
14 verbose stack Error: react_unit_test@1.0.0 dev:hot: `webpack-dev-server --hot --inline --progress --colors --watch --content-base ./`
14 verbose stack Exit status 1
14 verbose stack     at EventEmitter.<anonymous> (/usr/local/lib/node_modules/npm/lib/utils/lifecycle.js:255:16)
14 verbose stack     at emitTwo (events.js:106:13)
14 verbose stack     at EventEmitter.emit (events.js:191:7)
14 verbose stack     at ChildProcess.<anonymous> (/usr/local/lib/node_modules/npm/lib/utils/spawn.js:40:14)
14 verbose stack     at emitTwo (events.js:106:13)
14 verbose stack     at ChildProcess.emit (events.js:191:7)
14 verbose stack     at maybeClose (internal/child_process.js:877:16)
14 verbose stack     at Process.ChildProcess._handle.onexit (internal/child_process.js:226:5)
15 verbose pkgid react_unit_test@1.0.0
16 verbose cwd /Users/joypatel/React_Unit_Test
17 error Darwin 16.4.0
18 error argv "/usr/local/bin/node" "/usr/local/bin/npm" "run" "dev:hot"
19 error node v6.9.5
20 error npm  v3.10.10
21 error code ELIFECYCLE
22 error react_unit_test@1.0.0 dev:hot: `webpack-dev-server --hot --inline --progress --colors --watch --content-base ./`
22 error Exit status 1
23 error Failed at the react_unit_test@1.0.0 dev:hot script 'webpack-dev-server --hot --inline --progress --colors --watch --content-base ./'.
23 error Make sure you have the latest version of node.js and npm installed.
23 error If you do, this is most likely a problem with the react_unit_test package,
23 error not with npm itself.
23 error Tell the author that this fails on your system:
23 error     webpack-dev-server --hot --inline --progress --colors --watch --content-base ./
23 error You can get information on how to open an issue for this project with:
23 error     npm bugs react_unit_test
23 error Or if that isn't available, you can get their info via:
23 error     npm owner ls react_unit_test
23 error There is likely additional logging output above.
24 verbose exit [ 1, true ]
